[INFO ] 2022-04-29 20:21:46.029 [main] Billing - Billing application initiated, shopping process begin...
[INFO ] 2022-04-29 20:21:46.046 [main] FileHandler - Deleted the previous error txt file: error.txt, continue to the shopping process...
[INFO ] 2022-04-29 20:21:46.046 [main] FileHandler - No previous billing log file found to be deleted, continue to the shopping process...
[INFO ] 2022-04-29 20:21:46.046 [main] FileHandler - No previous billing csv file found to be deleted, continue to the shopping process...
[INFO ] 2022-04-29 20:21:46.046 [main] Storage - Creating storage entity...
[INFO ] 2022-04-29 20:21:46.046 [main] Storage - Checking storage info...
[INFO ] 2022-04-29 20:21:46.046 [main] Storage - Adding new item from the current entry...[Clothes, Essentials, 100, 20]
[INFO ] 2022-04-29 20:21:46.046 [main] Storage - Adding new item from the current entry...[Soap, Essentials, 200, 5]
[INFO ] 2022-04-29 20:21:46.062 [main] Storage - Adding new item from the current entry...[Shampoo, Essentials, 200, 10]
[INFO ] 2022-04-29 20:21:46.062 [main] Storage - Adding new item from the current entry...[Milk, Essentials, 100, 5]
[INFO ] 2022-04-29 20:21:46.062 [main] Storage - Adding new item from the current entry...[Perfume, Luxury, 50, 50]
[INFO ] 2022-04-29 20:21:46.062 [main] Storage - Adding new item from the current entry...[Chocolates, Luxury, 300, 3]
[INFO ] 2022-04-29 20:21:46.062 [main] Storage - Adding new item from the current entry...[Handbag, Luxury, 75, 150]
[INFO ] 2022-04-29 20:21:46.062 [main] Storage - Adding new item from the current entry...[Wallet, Luxury, 100, 100]
[INFO ] 2022-04-29 20:21:46.062 [main] Storage - Adding new item from the current entry...[Bedsheet, Misc, 150, 75]
[INFO ] 2022-04-29 20:21:46.062 [main] Storage - Adding new item from the current entry...[Footware, Misc, 200, 25]
[INFO ] 2022-04-29 20:21:46.062 [main] Storage - Adding new item from the current entry...[HomeDecorPiece, Misc, 100, 40]
[INFO ] 2022-04-29 20:21:46.062 [main] Storage - Adding new item from the current entry...[Pen, Misc, 400, 3]
[INFO ] 2022-04-29 20:21:46.062 [main] Storage - Adding new item from the current entry...[Pencil, Misc, 400, 3]
[INFO ] 2022-04-29 20:21:46.062 [main] Storage - Storage entity created: Storage {ItemList={Footware=Item {itemName='Footware', itemCategory=Misc, itemQuantity=200, itemPrice=25}, Homedecorpiece=Item {itemName='Homedecorpiece', itemCategory=Misc, itemQuantity=100, itemPrice=40}, Perfume=Item {itemName='Perfume', itemCategory=Luxury, itemQuantity=50, itemPrice=50}, Wallet=Item {itemName='Wallet', itemCategory=Luxury, itemQuantity=100, itemPrice=100}, Shampoo=Item {itemName='Shampoo', itemCategory=Essentials, itemQuantity=200, itemPrice=10}, Pencil=Item {itemName='Pencil', itemCategory=Misc, itemQuantity=400, itemPrice=3}, Soap=Item {itemName='Soap', itemCategory=Essentials, itemQuantity=200, itemPrice=5}, Chocolates=Item {itemName='Chocolates', itemCategory=Luxury, itemQuantity=300, itemPrice=3}, Bedsheet=Item {itemName='Bedsheet', itemCategory=Misc, itemQuantity=150, itemPrice=75}, Clothes=Item {itemName='Clothes', itemCategory=Essentials, itemQuantity=100, itemPrice=20}, Pen=Item {itemName='Pen', itemCategory=Misc, itemQuantity=400, itemPrice=3}, Handbag=Item {itemName='Handbag', itemCategory=Luxury, itemQuantity=75, itemPrice=150}, Milk=Item {itemName='Milk', itemCategory=Essentials, itemQuantity=100, itemPrice=5}}}
[INFO ] 2022-04-29 20:21:46.062 [main] Client - Creating client entity...
[INFO ] 2022-04-29 20:21:46.062 [main] Client - Checking client shopping card info...
[INFO ] 2022-04-29 20:21:46.062 [main] Client - Checking if client has valid credit card number...
[INFO ] 2022-04-29 20:21:46.062 [main] Client - Checking client shopping list info...
[INFO ] 2022-04-29 20:21:46.062 [main] Client - Adding new item from the current entry...[Shampoo, 2, 4120000000000]
[INFO ] 2022-04-29 20:21:46.062 [main] Client - Adding new item from the current entry...[Chocolates, 1]
[INFO ] 2022-04-29 20:21:46.062 [main] Client - Adding new item from the current entry...[Wallet, 2]
[INFO ] 2022-04-29 20:21:46.062 [main] Client - Adding new item from the current entry...[Pen, 3]
[INFO ] 2022-04-29 20:21:46.062 [main] Client - Client entity created: Client{cardNumberType=CARD_NUMBER_B, cardNumber='4120000000000', itemQuantityList={Wallet=2, Shampoo=2, Pen=3, Chocolates=1}}
[INFO ] 2022-04-29 20:21:46.078 [main] Register - Register entity created: Register{client=Client{cardNumberType=CARD_NUMBER_B, cardNumber='4120000000000', itemQuantityList={Wallet=2, Shampoo=2, Pen=3, Chocolates=1}}, storage=Storage {ItemList={Footware=Item {itemName='Footware', itemCategory=Misc, itemQuantity=200, itemPrice=25}, Homedecorpiece=Item {itemName='Homedecorpiece', itemCategory=Misc, itemQuantity=100, itemPrice=40}, Perfume=Item {itemName='Perfume', itemCategory=Luxury, itemQuantity=50, itemPrice=50}, Wallet=Item {itemName='Wallet', itemCategory=Luxury, itemQuantity=100, itemPrice=100}, Shampoo=Item {itemName='Shampoo', itemCategory=Essentials, itemQuantity=200, itemPrice=10}, Pencil=Item {itemName='Pencil', itemCategory=Misc, itemQuantity=400, itemPrice=3}, Soap=Item {itemName='Soap', itemCategory=Essentials, itemQuantity=200, itemPrice=5}, Chocolates=Item {itemName='Chocolates', itemCategory=Luxury, itemQuantity=300, itemPrice=3}, Bedsheet=Item {itemName='Bedsheet', itemCategory=Misc, itemQuantity=150, itemPrice=75}, Clothes=Item {itemName='Clothes', itemCategory=Essentials, itemQuantity=100, itemPrice=20}, Pen=Item {itemName='Pen', itemCategory=Misc, itemQuantity=400, itemPrice=3}, Handbag=Item {itemName='Handbag', itemCategory=Luxury, itemQuantity=75, itemPrice=150}, Milk=Item {itemName='Milk', itemCategory=Essentials, itemQuantity=100, itemPrice=5}}}, shoppingItemsList=[Wallet, Shampoo, Pen, Chocolates]}
[INFO ] 2022-04-29 20:21:46.078 [main] Register - Check out initiated...
[INFO ] 2022-04-29 20:21:46.078 [main] Register - Performing item quantity cap validation...
[INFO ] 2022-04-29 20:21:46.078 [main] Register - Performing item category cap validation...
[INFO ] 2022-04-29 20:21:46.078 [main] Register - Performing item category cap comparison...
[INFO ] 2022-04-29 20:21:46.078 [main] Register - Performing final price calculation...
[INFO ] 2022-04-29 20:21:46.078 [main] Register - Performing billing record writing...
[INFO ] 2022-04-29 20:21:46.078 [main] Bill - Creating bill entity...
[INFO ] 2022-04-29 20:21:46.078 [main] Bill - Bill entity created: Bill{totalPrice=232, billingList={Wallet=Item {itemName='Wallet', itemCategory=Luxury, itemQuantity=2, itemPrice=100}, Shampoo=Item {itemName='Shampoo', itemCategory=Essentials, itemQuantity=2, itemPrice=10}, Pen=Item {itemName='Pen', itemCategory=Misc, itemQuantity=3, itemPrice=3}, Chocolates=Item {itemName='Chocolates', itemCategory=Luxury, itemQuantity=1, itemPrice=3}}}
[INFO ] 2022-04-29 20:21:46.078 [main] Register - Check out completed...
[INFO ] 2022-04-29 20:21:46.078 [main] Bill - Generating billing record from bill...
[INFO ] 2022-04-29 20:21:46.078 [main] FileHandler - Generating billing_list.csv from the billing record...
[INFO ] 2022-04-29 20:21:46.078 [main] Billing - shopping process completed, billing application terminated...
